Determining if the include file experimental/mdspan exists failed with the following output:
Change Dir: /home/prad/Desktop/IITM_Courses/Projects/SRFP_2024_Project/Resources/SPARTA/sparta-4Sep2024/cmake/build/CMakeFiles/CMakeTmp

Run Build Command(s):/usr/bin/gmake -f Makefile cmTC_ce57a/fast && /usr/bin/gmake  -f CMakeFiles/cmTC_ce57a.dir/build.make CMakeFiles/cmTC_ce57a.dir/build
gmake[1]: Entering directory '/home/prad/Desktop/IITM_Courses/Projects/SRFP_2024_Project/Resources/SPARTA/sparta-4Sep2024/cmake/build/CMakeFiles/CMakeTmp'
Building CXX object CMakeFiles/cmTC_ce57a.dir/CheckIncludeFile.cxx.o
/usr/bin/c++   -std=c++17 -o CMakeFiles/cmTC_ce57a.dir/CheckIncludeFile.cxx.o -c /home/prad/Desktop/IITM_Courses/Projects/SRFP_2024_Project/Resources/SPARTA/sparta-4Sep2024/cmake/build/CMakeFiles/CMakeTmp/CheckIncludeFile.cxx
/home/prad/Desktop/IITM_Courses/Projects/SRFP_2024_Project/Resources/SPARTA/sparta-4Sep2024/cmake/build/CMakeFiles/CMakeTmp/CheckIncludeFile.cxx:1:10: fatal error: experimental/mdspan: No such file or directory
    1 | #include <experimental/mdspan>
      |          ^~~~~~~~~~~~~~~~~~~~~
compilation terminated.
gmake[1]: *** [CMakeFiles/cmTC_ce57a.dir/build.make:78: CMakeFiles/cmTC_ce57a.dir/CheckIncludeFile.cxx.o] Error 1
gmake[1]: Leaving directory '/home/prad/Desktop/IITM_Courses/Projects/SRFP_2024_Project/Resources/SPARTA/sparta-4Sep2024/cmake/build/CMakeFiles/CMakeTmp'
gmake: *** [Makefile:127: cmTC_ce57a/fast] Error 2



Determining if the include file mdspan exists failed with the following output:
Change Dir: /home/prad/Desktop/IITM_Courses/Projects/SRFP_2024_Project/Resources/SPARTA/sparta-4Sep2024/cmake/build/CMakeFiles/CMakeTmp

Run Build Command(s):/usr/bin/gmake -f Makefile cmTC_62dfd/fast && /usr/bin/gmake  -f CMakeFiles/cmTC_62dfd.dir/build.make CMakeFiles/cmTC_62dfd.dir/build
gmake[1]: Entering directory '/home/prad/Desktop/IITM_Courses/Projects/SRFP_2024_Project/Resources/SPARTA/sparta-4Sep2024/cmake/build/CMakeFiles/CMakeTmp'
Building CXX object CMakeFiles/cmTC_62dfd.dir/CheckIncludeFile.cxx.o
/usr/bin/c++   -std=c++17 -o CMakeFiles/cmTC_62dfd.dir/CheckIncludeFile.cxx.o -c /home/prad/Desktop/IITM_Courses/Projects/SRFP_2024_Project/Resources/SPARTA/sparta-4Sep2024/cmake/build/CMakeFiles/CMakeTmp/CheckIncludeFile.cxx
/home/prad/Desktop/IITM_Courses/Projects/SRFP_2024_Project/Resources/SPARTA/sparta-4Sep2024/cmake/build/CMakeFiles/CMakeTmp/CheckIncludeFile.cxx:1:10: fatal error: mdspan: No such file or directory
    1 | #include <mdspan>
      |          ^~~~~~~~
compilation terminated.
gmake[1]: *** [CMakeFiles/cmTC_62dfd.dir/build.make:78: CMakeFiles/cmTC_62dfd.dir/CheckIncludeFile.cxx.o] Error 1
gmake[1]: Leaving directory '/home/prad/Desktop/IITM_Courses/Projects/SRFP_2024_Project/Resources/SPARTA/sparta-4Sep2024/cmake/build/CMakeFiles/CMakeTmp'
gmake: *** [Makefile:127: cmTC_62dfd/fast] Error 2



